[debug] [2025-02-13T12:40:00.853Z] ----------------------------------------------------------------------
[debug] [2025-02-13T12:40:00.855Z] Command:       C:\Program Files\nodejs\node.exe C:\Users\Astha.Pattanaik\AppData\Roaming\npm\node_modules\firebase-tools\lib\bin\firebase.js init
[debug] [2025-02-13T12:40:00.855Z] CLI Version:   13.31.0
[debug] [2025-02-13T12:40:00.856Z] Platform:      win32
[debug] [2025-02-13T12:40:00.856Z] Node Version:  v18.17.0
[debug] [2025-02-13T12:40:00.859Z] Time:          Thu Feb 13 2025 18:10:00 GMT+0530 (India Standard Time)
[debug] [2025-02-13T12:40:00.859Z] ----------------------------------------------------------------------
[debug] 
[debug] [2025-02-13T12:40:00.867Z] > command requires scopes: ["email","openid","https://www.googleapis.com/auth/cloudplatformprojects.readonly","https://www.googleapis.com/auth/firebase","https://www.googleapis.com/auth/cloud-platform"]
[debug] [2025-02-13T12:40:00.868Z] > authorizing via signed-in user (test.task07@gmail.com)
[info] 
     ######## #### ########  ######## ########     ###     ######  ########
     ##        ##  ##     ## ##       ##     ##  ##   ##  ##       ##
     ######    ##  ########  ######   ########  #########  ######  ######
     ##        ##  ##    ##  ##       ##     ## ##     ##       ## ##
     ##       #### ##     ## ######## ########  ##     ##  ######  ########

You're about to initialize a Firebase project in this directory:

  C:\Users\Astha.Pattanaik\Desktop\Angular\hotel-room-reservation

[info] 
=== Project Setup
[info] 
[info] First, let's associate this project directory with a Firebase project.
[info] You can create multiple project aliases by running firebase use --add, 
[info] but for now we'll just set up a default project.
[info] 
[debug] [2025-02-13T12:40:18.211Z] Checked if tokens are valid: true, expires at: 1739453681407
[debug] [2025-02-13T12:40:18.211Z] Checked if tokens are valid: true, expires at: 1739453681407
[debug] [2025-02-13T12:40:18.213Z] >>> [apiv2][query] GET https://firebase.googleapis.com/v1beta1/projects pageSize=100
[debug] [2025-02-13T12:40:18.960Z] <<< [apiv2][status] GET https://firebase.googleapis.com/v1beta1/projects 200
[debug] [2025-02-13T12:40:18.960Z] <<< [apiv2][body] GET https://firebase.googleapis.com/v1beta1/projects [omitted]
[info] i  Using project room-booking-system-4347f (room booking system) 
[info] 
=== Dataconnect Setup
[debug] [2025-02-13T12:40:21.077Z] Checked if tokens are valid: true, expires at: 1739453681407
[debug] [2025-02-13T12:40:21.077Z] Checked if tokens are valid: true, expires at: 1739453681407
[debug] [2025-02-13T12:40:21.077Z] >>> [apiv2][query] GET https://cloudbilling.googleapis.com/v1/projects/room-booking-system-4347f/billingInfo [none]
[debug] [2025-02-13T12:40:22.511Z] <<< [apiv2][status] GET https://cloudbilling.googleapis.com/v1/projects/room-booking-system-4347f/billingInfo 200
[debug] [2025-02-13T12:40:22.511Z] <<< [apiv2][body] GET https://cloudbilling.googleapis.com/v1/projects/room-booking-system-4347f/billingInfo {"name":"projects/room-booking-system-4347f/billingInfo","projectId":"room-booking-system-4347f","billingAccountName":"","billingEnabled":false}
[info] i  dataconnect: ensuring required API sqladmin.googleapis.com is enabled... 
[debug] [2025-02-13T12:40:22.513Z] Checked if tokens are valid: true, expires at: 1739453681407
[debug] [2025-02-13T12:40:22.513Z] Checked if tokens are valid: true, expires at: 1739453681407
[debug] [2025-02-13T12:40:22.513Z] >>> [apiv2][query] GET https://serviceusage.googleapis.com/v1/projects/room-booking-system-4347f/services/sqladmin.googleapis.com [none]
[debug] [2025-02-13T12:40:22.513Z] >>> [apiv2][(partial)header] GET https://serviceusage.googleapis.com/v1/projects/room-booking-system-4347f/services/sqladmin.googleapis.com x-goog-quota-user=projects/room-booking-system-4347f
[debug] [2025-02-13T12:40:24.333Z] <<< [apiv2][status] GET https://serviceusage.googleapis.com/v1/projects/room-booking-system-4347f/services/sqladmin.googleapis.com 200
[debug] [2025-02-13T12:40:24.333Z] <<< [apiv2][body] GET https://serviceusage.googleapis.com/v1/projects/room-booking-system-4347f/services/sqladmin.googleapis.com [omitted]
[info] +  dataconnect: required API sqladmin.googleapis.com is enabled 
[info] i  dataconnect\dataconnect.yaml is unchanged 
[info] i  dataconnect\schema\schema.gql is unchanged 
[info] +  Wrote dataconnect\connector\connector.yaml 
[info] i  dataconnect\connector\queries.gql is unchanged 
[info] i  dataconnect\connector\mutations.gql is unchanged 
[info] +  Detected WEB app in directory C:\Users\Astha.Pattanaik\Desktop\Angular\hotel-room-reservation 
[info] i  Wrote new config to C:\Users\Astha.Pattanaik\Desktop\Angular\hotel-room-reservation\dataconnect\connector/connector.yaml 
[info] I0213 18:10:33.156767    1440 codegen.go:82] [connector "default" javascriptSdk] Generating sources into "C:\\Users\\Astha.Pattanaik\\Desktop\\Angular\\hotel-room-reservation\\dataconnect-generated\\js\\default-connector"
I0213 18:10:33.162129    1440 generate.go:40] Generated all sources. Writing them to disk...
I0213 18:10:33.170109    1440 collector.go:107] connector "default" javascriptSdk wrote into "C:\\Users\\Astha.Pattanaik\\Desktop\\Angular\\hotel-room-reservation\\dataconnect-generated\\js\\default-connector"
Generated sources: README.md [2740B] index.d.ts [259B] esm\index.esm.js [198B] esm\package.json [17B] index.cjs.js [239B] package.json [634B] 
I0213 18:10:33.176868    1440 installsdk.go:76] Running command: C:\Program Files\nodejs\npm.cmd install file:dataconnect-generated\js\default-connector
E0213 18:10:57.322611    1440 installsdk.go:78] Failed to install package: exit status 1

[info] i  Generated SDK code for default 
[info] +  If you'd like to add more generated SDKs to your app your later, run firebase init dataconnect:sdk again 
[info] i  If you'd like to provision a CloudSQL Postgres instance on the Firebase Data Connect no-cost trial:
1. Please upgrade to the pay-as-you-go (Blaze) billing plan. Visit the following page:
     https://console.firebase.google.com/project/room-booking-system-4347f/usage/details
2. Run firebase init dataconnect again to configure the Cloud SQL instance.
3. Run firebase deploy --only dataconnect to deploy your Data Connect service. 
[info] 
=== Firestore Setup
[debug] [2025-02-13T12:40:57.337Z] Checked if tokens are valid: true, expires at: 1739453681407
[debug] [2025-02-13T12:40:57.337Z] Checked if tokens are valid: true, expires at: 1739453681407
[debug] [2025-02-13T12:40:57.337Z] >>> [apiv2][query] GET https://serviceusage.googleapis.com/v1/projects/room-booking-system-4347f/services/firestore.googleapis.com [none]
[debug] [2025-02-13T12:40:57.338Z] >>> [apiv2][(partial)header] GET https://serviceusage.googleapis.com/v1/projects/room-booking-system-4347f/services/firestore.googleapis.com x-goog-quota-user=projects/room-booking-system-4347f
[debug] [2025-02-13T12:40:59.309Z] <<< [apiv2][status] GET https://serviceusage.googleapis.com/v1/projects/room-booking-system-4347f/services/firestore.googleapis.com 200
[debug] [2025-02-13T12:40:59.309Z] <<< [apiv2][body] GET https://serviceusage.googleapis.com/v1/projects/room-booking-system-4347f/services/firestore.googleapis.com [omitted]
[debug] [2025-02-13T12:40:59.310Z] Checked if tokens are valid: true, expires at: 1739453681407
[debug] [2025-02-13T12:40:59.310Z] Checked if tokens are valid: true, expires at: 1739453681407
[debug] [2025-02-13T12:40:59.310Z] >>> [apiv2][query] GET https://firestore.googleapis.com/v1/projects/room-booking-system-4347f/databases/(default) [none]
[debug] [2025-02-13T12:40:59.668Z] <<< [apiv2][status] GET https://firestore.googleapis.com/v1/projects/room-booking-system-4347f/databases/(default) 404
[debug] [2025-02-13T12:40:59.668Z] <<< [apiv2][body] GET https://firestore.googleapis.com/v1/projects/room-booking-system-4347f/databases/(default) {"error":{"code":404,"message":"Project 'room-booking-system-4347f' or database '(default)' does not exist.","status":"NOT_FOUND"}}
[debug] [2025-02-13T12:40:59.669Z] error getting database type:  Request to https://firestore.googleapis.com/v1/projects/room-booking-system-4347f/databases/(default) had HTTP Error: 404, Project 'room-booking-system-4347f' or database '(default)' does not exist. {"name":"FirebaseError","children":[],"context":{"body":{"error":{"code":404,"message":"Project 'room-booking-system-4347f' or database '(default)' does not exist.","status":"NOT_FOUND"}},"response":{"statusCode":404}},"exit":1,"message":"Request to https://firestore.googleapis.com/v1/projects/room-booking-system-4347f/databases/(default) had HTTP Error: 404, Project 'room-booking-system-4347f' or database '(default)' does not exist.","status":404}
[info] (default) does not exist in project room-booking-system-4347f.
[debug] [2025-02-13T12:40:59.670Z] database_type: DATABASE_DOES_NOT_EXIST
[debug] [2025-02-13T12:42:10.079Z] Checked if tokens are valid: true, expires at: 1739453681407
[debug] [2025-02-13T12:42:10.080Z] Checked if tokens are valid: true, expires at: 1739453681407
[debug] [2025-02-13T12:42:10.080Z] >>> [apiv2][query] GET https://firestore.googleapis.com/v1/projects/room-booking-system-4347f/databases/default [none]
[debug] [2025-02-13T12:42:10.339Z] <<< [apiv2][status] GET https://firestore.googleapis.com/v1/projects/room-booking-system-4347f/databases/default 404
[debug] [2025-02-13T12:42:10.339Z] <<< [apiv2][body] GET https://firestore.googleapis.com/v1/projects/room-booking-system-4347f/databases/default {"error":{"code":404,"message":"Project 'room-booking-system-4347f' or database 'default' does not exist.","status":"NOT_FOUND"}}
[debug] [2025-02-13T12:42:10.339Z] error getting database type:  Request to https://firestore.googleapis.com/v1/projects/room-booking-system-4347f/databases/default had HTTP Error: 404, Project 'room-booking-system-4347f' or database 'default' does not exist. {"name":"FirebaseError","children":[],"context":{"body":{"error":{"code":404,"message":"Project 'room-booking-system-4347f' or database 'default' does not exist.","status":"NOT_FOUND"}},"response":{"statusCode":404}},"exit":1,"message":"Request to https://firestore.googleapis.com/v1/projects/room-booking-system-4347f/databases/default had HTTP Error: 404, Project 'room-booking-system-4347f' or database 'default' does not exist.","status":404}
[info] default does not exist in project room-booking-system-4347f.
[debug] [2025-02-13T12:42:10.340Z] database_type: DATABASE_DOES_NOT_EXIST
[debug] [2025-02-13T12:42:28.676Z] Checked if tokens are valid: true, expires at: 1739453681407
[debug] [2025-02-13T12:42:28.676Z] Checked if tokens are valid: true, expires at: 1739453681407
[debug] [2025-02-13T12:42:28.677Z] >>> [apiv2][query] GET https://firestore.googleapis.com/v1/projects/room-booking-system-4347f/databases/room-booking-system-4347f [none]
[debug] [2025-02-13T12:42:28.865Z] <<< [apiv2][status] GET https://firestore.googleapis.com/v1/projects/room-booking-system-4347f/databases/room-booking-system-4347f 404
[debug] [2025-02-13T12:42:28.865Z] <<< [apiv2][body] GET https://firestore.googleapis.com/v1/projects/room-booking-system-4347f/databases/room-booking-system-4347f {"error":{"code":404,"message":"Project 'room-booking-system-4347f' or database 'room-booking-system-4347f' does not exist.","status":"NOT_FOUND"}}
[debug] [2025-02-13T12:42:28.865Z] error getting database type:  Request to https://firestore.googleapis.com/v1/projects/room-booking-system-4347f/databases/room-booking-system-4347f had HTTP Error: 404, Project 'room-booking-system-4347f' or database 'room-booking-system-4347f' does not exist. {"name":"FirebaseError","children":[],"context":{"body":{"error":{"code":404,"message":"Project 'room-booking-system-4347f' or database 'room-booking-system-4347f' does not exist.","status":"NOT_FOUND"}},"response":{"statusCode":404}},"exit":1,"message":"Request to https://firestore.googleapis.com/v1/projects/room-booking-system-4347f/databases/room-booking-system-4347f had HTTP Error: 404, Project 'room-booking-system-4347f' or database 'room-booking-system-4347f' does not exist.","status":404}
[info] room-booking-system-4347f does not exist in project room-booking-system-4347f.
[debug] [2025-02-13T12:42:28.866Z] database_type: DATABASE_DOES_NOT_EXIST
[debug] [2025-02-13T12:42:35.921Z] Checked if tokens are valid: true, expires at: 1739453681407
[debug] [2025-02-13T12:42:35.921Z] Checked if tokens are valid: true, expires at: 1739453681407
[debug] [2025-02-13T12:42:35.921Z] >>> [apiv2][query] GET https://firestore.googleapis.com/v1/projects/room-booking-system-4347f/databases/firestore [none]
[debug] [2025-02-13T12:42:36.180Z] <<< [apiv2][status] GET https://firestore.googleapis.com/v1/projects/room-booking-system-4347f/databases/firestore 404
[debug] [2025-02-13T12:42:36.180Z] <<< [apiv2][body] GET https://firestore.googleapis.com/v1/projects/room-booking-system-4347f/databases/firestore {"error":{"code":404,"message":"Project 'room-booking-system-4347f' or database 'firestore' does not exist.","status":"NOT_FOUND"}}
[debug] [2025-02-13T12:42:36.181Z] error getting database type:  Request to https://firestore.googleapis.com/v1/projects/room-booking-system-4347f/databases/firestore had HTTP Error: 404, Project 'room-booking-system-4347f' or database 'firestore' does not exist. {"name":"FirebaseError","children":[],"context":{"body":{"error":{"code":404,"message":"Project 'room-booking-system-4347f' or database 'firestore' does not exist.","status":"NOT_FOUND"}},"response":{"statusCode":404}},"exit":1,"message":"Request to https://firestore.googleapis.com/v1/projects/room-booking-system-4347f/databases/firestore had HTTP Error: 404, Project 'room-booking-system-4347f' or database 'firestore' does not exist.","status":404}
[info] firestore does not exist in project room-booking-system-4347f.
[debug] [2025-02-13T12:42:36.181Z] database_type: DATABASE_DOES_NOT_EXIST
